2023-12-03 21:55:50.474+0000 WARN  [o.n.k.i.JvmChecker] The max heap memory has not been configured. It is recommended that it is always explicitly configured, to ensure the system has a balanced configuration. Until then, a JVM computed heuristic of 2063597568 bytes is used instead. If you are running neo4j server, you need to configure dbms.memory.heap.max_size in neo4j.conf. If you are running neo4j embedded, you have to launch the JVM with -Xmx set to a value. You can run neo4j-admin memrec for memory configuration suggestions.
2023-12-03 21:55:50.476+0000 WARN  [o.n.k.i.JvmChecker] The initial heap memory has not been configured. It is recommended that it is always explicitly configured, to ensure the system has a balanced configuration. Until then, a JVM computed heuristic of 130023424 bytes is used instead. If you are running neo4j server, you need to configure dbms.memory.heap.initial_size in neo4j.conf. If you are running neo4j embedded, you have to launch the JVM with -Xms set to a value. You can run neo4j-admin memrec for memory configuration suggestions.
2023-12-03 21:55:50.959+0000 INFO  [o.n.i.d.DiagnosticsManager] 
                                                                ********************************************************************************
                                                                                             [ System diagnostics ]                             
                                                                ********************************************************************************
                                                                --------------------------------------------------------------------------------
                                                                                         [ System memory information ]                          
                                                                --------------------------------------------------------------------------------
                                                                Total Physical memory: 7.686GiB
                                                                Free Physical memory: 923.0MiB
                                                                Committed virtual memory: 5.075GiB
                                                                Total swap space: 2.000GiB
                                                                Free swap space: 2.000GiB
                                                                
                                                                --------------------------------------------------------------------------------
                                                                                           [ JVM memory information ]                           
                                                                --------------------------------------------------------------------------------
                                                                Free  memory: 126.0MiB
                                                                Total memory: 152.0MiB
                                                                Max   memory: 1.922GiB
                                                                Garbage Collector: G1 Young Generation: [G1 Eden Space, G1 Survivor Space, G1 Old Gen]
                                                                Garbage Collector: G1 Old Generation: [G1 Eden Space, G1 Survivor Space, G1 Old Gen]
                                                                Memory Pool: CodeHeap 'non-nmethods' (Non-heap memory): committed=2.438MiB, used=1.229MiB, max=5.566MiB, threshold=0B
                                                                Memory Pool: Metaspace (Non-heap memory): committed=22.50MiB, used=21.56MiB, max=-1B, threshold=0B
                                                                Memory Pool: CodeHeap 'profiled nmethods' (Non-heap memory): committed=5.000MiB, used=4.972MiB, max=117.2MiB, threshold=0B
                                                                Memory Pool: Compressed Class Space (Non-heap memory): committed=3.000MiB, used=2.647MiB, max=1.000GiB, threshold=0B
                                                                Memory Pool: G1 Eden Space (Heap memory): committed=76.00MiB, used=8.000MiB, max=-1B, threshold=?
                                                                Memory Pool: G1 Old Gen (Heap memory): committed=71.00MiB, used=12.05MiB, max=1.922GiB, threshold=0B
                                                                Memory Pool: G1 Survivor Space (Heap memory): committed=5.000MiB, used=5.000MiB, max=-1B, threshold=?
                                                                Memory Pool: CodeHeap 'non-profiled nmethods' (Non-heap memory): committed=2.438MiB, used=1.410MiB, max=117.2MiB, threshold=0B
                                                                
                                                                --------------------------------------------------------------------------------
                                                                                        [ Operating system information ]                        
                                                                --------------------------------------------------------------------------------
                                                                Operating System: Linux; version: 5.15.133.1-microsoft-standard-WSL2; arch: amd64; cpus: 8
                                                                Max number of file descriptors: 1048576
                                                                Number of open file descriptors: 166
                                                                Process id: 7@4196723f7370
                                                                Byte order: LITTLE_ENDIAN
                                                                Local timezone: Etc/UTC
                                                                
                                                                --------------------------------------------------------------------------------
                                                                                              [ JVM information ]                               
                                                                --------------------------------------------------------------------------------
                                                                VM Name: OpenJDK 64-Bit Server VM
                                                                VM Vendor: Oracle Corporation
                                                                VM Version: 11.0.16+8
                                                                JIT compiler: HotSpot 64-Bit Tiered Compilers
                                                                VM Arguments: [-XX:+UseG1GC, -XX:-OmitStackTraceInFastThrow, -XX:+AlwaysPreTouch, -XX:+UnlockExperimentalVMOptions, -XX:+TrustFinalNonStaticFields, -XX:+DisableExplicitGC, -XX:MaxInlineLevel=15, -XX:-UseBiasedLocking, -Djdk.nio.maxCachedBufferSize=262144, -Dio.netty.tryReflectionSetAccessible=true, -Djdk.tls.ephemeralDHKeySize=2048, -Djdk.tls.rejectClientInitiatedRenegotiation=true, -XX:FlightRecorderOptions=stackdepth=256, -XX:+UnlockDiagnosticVMOptions, -XX:+DebugNonSafepoints, -Dlog4j2.disable.jmx=true, -Dfile.encoding=UTF-8]
                                                                
                                                                --------------------------------------------------------------------------------
                                                                                               [ Java classpath ]                               
                                                                --------------------------------------------------------------------------------
                                                                 [classpath] /var/lib/neo4j/lib/neo4j-ssl-4.3.2.jar
                                                                 [classpath] /var/lib/neo4j/lib/parboiled-core-1.2.0.jar
                                                                 [classpath] /var/lib/neo4j/lib/jctools-core-3.2.0.jar
                                                                 [classpath] /var/lib/neo4j/lib/annotations-4.3.2.jar
                                                                 [classpath] /var/lib/neo4j/lib/neo4j-procedure-4.3.2.jar
                                                                 [classpath] /var/lib/neo4j/lib/jamm-0.3.3.jar
                                                                 [classpath] /var/lib/neo4j/lib/neo4j-expressions-4.3.2.jar
                                                                 [classpath] /var/lib/neo4j/lib/neo4j-rewriting-4.3.2.jar
                                                                 [classpath] /var/lib/neo4j/lib/jakarta.activation-api-1.2.1.jar
                                                                 [classpath] /var/lib/neo4j/lib/scala-library-2.12.13.jar
                                                                 [classpath] /var/lib/neo4j/lib/jPowerShell-3.0.jar
                                                                 [classpath] /var/lib/neo4j/lib/slf4j-api-1.7.30.jar
                                                                 [classpath] /var/lib/neo4j/lib/neo4j-codegen-4.3.2.jar
                                                                 [classpath] /var/lib/neo4j/lib/picocli-4.6.1.jar
                                                                 [classpath] /var/lib/neo4j/lib/jaxb-runtime-2.3.2.jar
                                                                 [classpath] /var/lib/neo4j/lib/lucene-queryparser-8.8.0.jar
                                                                 [classpath] /var/lib/neo4j/lib/jettison-1.4.1.jar
                                                                 [classpath] /var/lib/neo4j/lib/magnolia_2.12-0.17.0.jar
                                                                 [classpath] /var/lib/neo4j/lib/neo4j-cypher-planner-4.3.2.jar
                                                                 [classpath] /var/lib/neo4j/lib/jackson-jaxrs-base-2.12.1.jar
                                                                 [classpath] /var/lib/neo4j/lib/neo4j-server-4.3.2.jar
                                                                 [classpath] /var/lib/neo4j/lib/neo4j-ast-4.3.2.jar
                                                                 [classpath] /var/lib/neo4j/lib/jna-5.7.0.jar
                                                                 [classpath] /var/lib/neo4j/lib/javassist-3.25.0-GA.jar
                                                                 [classpath] /var/lib/neo4j/lib/neo4j-consistency-check-4.3.2.jar
                                                                 [classpath] /var/lib/neo4j/lib/neo4j-configuration-4.3.2.jar
                                                                 [classpath] /var/lib/neo4j/lib/log4j-core-2.14.0.jar
                                                                 [classpath] /var/lib/neo4j/lib/neo4j-command-line-4.3.2.jar
                                                                 [classpath] /var/lib/neo4j/lib/jetty-security-9.4.42.v20210604.jar
                                                                 [classpath] /var/lib/neo4j/lib/neo4j-cypher-config-4.3.2.jar
                                                                 [classpath] /var/lib/neo4j/lib/jersey-container-servlet-2.34.jar
                                                                 [classpath] /var/lib/neo4j/lib/eclipse-collections-api-10.4.0.jar
                                                                 [classpath] /var/lib/neo4j/lib/neo4j-cypher-planner-spi-4.3.2.jar
                                                                 [classpath] /var/lib/neo4j/lib/bcprov-jdk15on-1.68.jar
                                                                 [classpath] /var/lib/neo4j/lib/log4j-api-2.14.0.jar
                                                                 [classpath] /var/lib/neo4j/lib/neo4j-cypher-javacc-parser-4.3.2.jar
                                                                 [classpath] /var/lib/neo4j/lib/jackson-core-2.12.1.jar
                                                                 [classpath] /var/lib/neo4j/conf/*
                                                                 [classpath] /var/lib/neo4j/lib/jetty-webapp-9.4.42.v20210604.jar
                                                                 [classpath] /var/lib/neo4j/lib/neo4j-layout-4.3.2.jar
                                                                 [classpath] /var/lib/neo4j/lib/WMI4Java-1.6.3.jar
                                                                 [classpath] /var/lib/neo4j/lib/jetty-xml-9.4.42.v20210604.jar
                                                                 [classpath] /var/lib/neo4j/lib/neo4j-spatial-index-4.3.2.jar
                                                                 [classpath] /var/lib/neo4j/lib/jProcesses-1.6.5.jar
                                                                 [classpath] /var/lib/neo4j/lib/neo4j-graph-algo-4.3.2.jar
                                                                 [classpath] /var/lib/neo4j/lib/commons-io-2.9.0.jar
                                                                 [classpath] /var/lib/neo4j/lib/commons-collections-3.2.2.jar
                                                                 [classpath] /var/lib/neo4j/lib/hk2-locator-2.6.1.jar
                                                                 [classpath] /var/lib/neo4j/lib/jetty-util-9.4.42.v20210604.jar
                                                                 [classpath] /var/lib/neo4j/lib/commons-lang3-3.11.jar
                                                                 [classpath] /var/lib/neo4j/lib/jersey-common-2.34.jar
                                                                 [classpath] /var/lib/neo4j/lib/neo4j-procedure-api-4.3.2.jar
                                                                 [classpath] /var/lib/neo4j/lib/neo4j-import-tool-4.3.2.jar
                                                                 [classpath] /var/lib/neo4j/lib/netty-all-4.1.65.Final.jar
                                                                 [classpath] /var/lib/neo4j/lib/shiro-event-1.7.1.jar
                                                                 [classpath] /var/lib/neo4j/lib/neo4j-id-generator-4.3.2.jar
                                                                 [classpath] /var/lib/neo4j/lib/commons-exec-1.3.jar
                                                                 [classpath] /var/lib/neo4j/lib/neo4j-token-api-4.3.2.jar
                                                                 [classpath] /var/lib/neo4j/lib/jersey-container-servlet-core-2.34.jar
                                                                 [classpath] /var/lib/neo4j/lib/neo4j-monitoring-4.3.2.jar
                                                                 [classpath] /var/lib/neo4j/lib/neo4j-cypher-runtime-util-4.3.2.jar
                                                                 [classpath] /var/lib/neo4j/lib/javax.ws.rs-api-2.1.1.jar
                                                                 [classpath] /var/lib/neo4j/lib/neo4j-cypher-4.3.2.jar
                                                                 [classpath] /var/lib/neo4j/lib/neo4j-native-4.3.2.jar
                                                                 [classpath] /var/lib/neo4j/lib/cypher-ast-factory-4.3.2.jar
                                                                 [classpath] /var/lib/neo4j/lib/neo4j-wal-4.3.2.jar
                                                                 [classpath] /var/lib/neo4j/lib/server-api-4.3.2.jar
                                                                 [classpath] /var/lib/neo4j/lib/neo4j-buffers-4.3.2.jar
                                                                 [classpath] /var/lib/neo4j/lib/neo4j-diagnostics-4.3.2.jar
                                                                 [classpath] /var/lib/neo4j/lib/neo4j-browser-4.3.1.jar
                                                                 [classpath] /var/lib/neo4j/lib/jakarta.ws.rs-api-2.1.6.jar
                                                                 [classpath] /var/lib/neo4j/lib/neo4j-import-util-4.3.2.jar
                                                                 [classpath] /var/lib/neo4j/lib/hk2-api-2.6.1.jar
                                                                 [classpath] /var/lib/neo4j/lib/neo4j-cypher-macros-4.3.2.jar
                                                                 [classpath] /var/lib/neo4j/lib/parboiled-scala_2.12-1.2.0.jar
                                                                 [classpath] /var/lib/neo4j/lib/neo4j-security-4.3.2.jar
                                                                 [classpath] /var/lib/neo4j/lib/jackson-annotations-2.12.1.jar
                                                                 [classpath] /var/lib/neo4j/lib/neo4j-index-4.3.2.jar
                                                                 [classpath] /var/lib/neo4j/lib/jackson-jaxrs-json-provider-2.12.1.jar
                                                                 [classpath] /var/lib/neo4j/lib/scala-reflect-2.12.13.jar
                                                                 [classpath] /var/lib/neo4j/lib/neo4j-concurrent-4.3.2.jar
                                                                 [classpath] /var/lib/neo4j/lib/istack-commons-runtime-3.0.8.jar
                                                                 [classpath] /var/lib/neo4j/lib/neo4j-fulltext-index-4.3.2.jar
                                                                 [classpath] /var/lib/neo4j/lib/neo4j-cypher-expression-evaluator-4.3.2.jar
                                                                 [classpath] /var/lib/neo4j/lib/jetty-servlet-9.4.42.v20210604.jar
                                                                 [classpath] /var/lib/neo4j/lib/neo4j-parser-4.3.2.jar
                                                                 [classpath] /var/lib/neo4j/lib/neo4j-lock-4.3.2.jar
                                                                 [classpath] /var/lib/neo4j/lib/shiro-crypto-cipher-1.7.1.jar
                                                                 [classpath] /var/lib/neo4j/lib/neo4j-push-to-cloud-4.3.2.jar
                                                                 [classpath] /var/lib/neo4j/lib/neo4j-kernel-4.3.2.jar
                                                                 [classpath] /var/lib/neo4j/lib/reactive-streams-1.0.3.jar
                                                                 [classpath] /var/lib/neo4j/lib/neo4j-cypher-logical-plans-4.3.2.jar
                                                                 [classpath] /var/lib/neo4j/lib/bcpkix-jdk15on-1.68.jar
                                                                 [classpath] /var/lib/neo4j/lib/slf4j-nop-1.7.30.jar
                                                                 [classpath] /var/lib/neo4j/plugins/*
                                                                 [classpath] /var/lib/neo4j/lib/neo4j-collections-4.3.2.jar
                                                                 [classpath] /var/lib/neo4j/lib/jakarta.validation-api-2.0.2.jar
                                                                 [classpath] /var/lib/neo4j/lib/jetty-io-9.4.42.v20210604.jar
                                                                 [classpath] /var/lib/neo4j/lib/neo4j-lucene-index-4.3.2.jar
                                                                 [classpath] /var/lib/neo4j/lib/neo4j-front-end-4.3.2.jar
                                                                 [classpath] /var/lib/neo4j/lib/neo4j-record-storage-engine-4.3.2.jar
                                                                 [classpath] /var/lib/neo4j/lib/jakarta.inject-2.6.1.jar
                                                                 [classpath] /var/lib/neo4j/lib/shiro-lang-1.7.1.jar
                                                                 [classpath] /var/lib/neo4j/lib/neo4j-io-4.3.2.jar
                                                                 [classpath] /var/lib/neo4j/lib/lucene-analyzers-common-8.8.0.jar
                                                                 [classpath] /var/lib/neo4j/lib/hk2-utils-2.6.1.jar
                                                                 [classpath] /var/lib/neo4j/lib/neo4j-values-4.3.2.jar
                                                                 [classpath] /var/lib/neo4j/lib/stax-ex-1.8.1.jar
                                                                 [classpath] /var/lib/neo4j/lib/reactor-core-3.4.6.jar
                                                                 [classpath] /var/lib/neo4j/lib/txw2-2.3.2.jar
                                                                 [classpath] /var/lib/neo4j/lib/neo4j-capabilities-4.3.2.jar
                                                                 [classpath] /var/lib/neo4j/lib/shiro-config-core-1.7.1.jar
                                                                 [classpath] /var/lib/neo4j/lib/neo4j-batch-insert-4.3.2.jar
                                                                 [classpath] /var/lib/neo4j/lib/neo4j-exceptions-4.3.2.jar
                                                                 [classpath] /var/lib/neo4j/lib/shiro-config-ogdl-1.7.1.jar
                                                                 [classpath] /var/lib/neo4j/lib/FastInfoset-1.2.16.jar
                                                                 [classpath] /var/lib/neo4j/lib/neo4j-unsafe-4.3.2.jar
                                                                 [classpath] /var/lib/neo4j/lib/neo4j-schema-4.3.2.jar
                                                                 [classpath] /var/lib/neo4j/lib/zstd-proxy-4.3.2.jar
                                                                 [classpath] /var/lib/neo4j/lib/commons-logging-1.2.jar
                                                                 [classpath] /var/lib/neo4j/lib/neo4j-resource-4.3.2.jar
                                                                 [classpath] /var/lib/neo4j/lib/lucene-backward-codecs-8.8.0.jar
                                                                 [classpath] /var/lib/neo4j/lib/shiro-crypto-core-1.7.1.jar
                                                                 [classpath] /var/lib/neo4j/lib/shiro-cache-1.7.1.jar
                                                                 [classpath] /var/lib/neo4j/lib/jetty-http-9.4.42.v20210604.jar
                                                                 [classpath] /var/lib/neo4j/lib/neo4j-common-4.3.2.jar
                                                                 [classpath] /var/lib/neo4j/lib/neo4j-csv-4.3.2.jar
                                                                 [classpath] /var/lib/neo4j/lib/commons-compress-1.20.jar
                                                                 [classpath] /var/lib/neo4j/lib/neo4j-data-collector-4.3.2.jar
                                                                 [classpath] /var/lib/neo4j/lib/shiro-core-1.7.1.jar
                                                                 [classpath] /var/lib/neo4j/lib/neo4j-bolt-4.3.2.jar
                                                                 [classpath] /var/lib/neo4j/lib/neo4j-graphdb-api-4.3.2.jar
                                                                 [classpath] /var/lib/neo4j/lib/neo4j-cypher-ir-4.3.2.jar
                                                                 [classpath] /var/lib/neo4j/lib/jackson-databind-2.12.1.jar
                                                                 [classpath] /var/lib/neo4j/lib/neo4j-logging-4.3.2.jar
                                                                 [classpath] /var/lib/neo4j/lib/neo4j-util-4.3.2.jar
                                                                 [classpath] /var/lib/neo4j/lib/eclipse-collections-10.4.0.jar
                                                                 [classpath] /var/lib/neo4j/lib/jakarta.annotation-api-1.3.5.jar
                                                                 [classpath] /var/lib/neo4j/lib/neo4j-dbms-4.3.2.jar
                                                                 [classpath] /var/lib/neo4j/lib/jaxb-api-2.3.0.jar
                                                                 [classpath] /var/lib/neo4j/lib/neo4j-storage-engine-api-4.3.2.jar
                                                                 [classpath] /var/lib/neo4j/lib/jetty-server-9.4.42.v20210604.jar
                                                                 [classpath] /var/lib/neo4j/lib/neo4j-fabric-4.3.2.jar
                                                                 [classpath] /var/lib/neo4j/lib/neo4j-4.3.2.jar
                                                                 [classpath] /var/lib/neo4j/lib/neo4j-cypher-ast-factory-4.3.2.jar
                                                                 [classpath] /var/lib/neo4j/lib/zstd-jni-1.4.8-5.jar
                                                                 [classpath] /var/lib/neo4j/lib/shiro-crypto-hash-1.7.1.jar
                                                                 [classpath] /var/lib/neo4j/lib/jackson-module-jaxb-annotations-2.12.1.jar
                                                                 [classpath] /var/lib/neo4j/lib/neo4j-kernel-api-4.3.2.jar
                                                                 [classpath] /var/lib/neo4j/lib/lucene-core-8.8.0.jar
                                                                 [classpath] /var/lib/neo4j/lib/neo4j-cypher-interpreted-runtime-4.3.2.jar
                                                                 [classpath] /var/lib/neo4j/lib/caffeine-3.0.0.jar
                                                                 [classpath] /var/lib/neo4j/lib/commons-text-1.9.jar
                                                                 [classpath] /var/lib/neo4j/lib/neo4j-random-values-4.3.2.jar
                                                                 [classpath] /var/lib/neo4j/lib/javax.servlet-api-3.1.0.jar
                                                                 [classpath] /var/lib/neo4j/lib/commons-beanutils-1.9.4.jar
                                                                 [classpath] /var/lib/neo4j/lib/jersey-server-2.34.jar
                                                                 [classpath] /var/lib/neo4j/lib/mercator_2.12-0.2.1.jar
                                                                 [classpath] /var/lib/neo4j/lib/jersey-client-2.34.jar
                                                                 [classpath] /var/lib/neo4j/lib/jersey-hk2-2.34.jar
                                                                
                                                                --------------------------------------------------------------------------------
                                                                                                [ Library path ]                                
                                                                --------------------------------------------------------------------------------
                                                                /usr/java/packages/lib
                                                                /usr/lib64
                                                                /lib64
                                                                /lib
                                                                /usr/lib
                                                                
                                                                --------------------------------------------------------------------------------
                                                                                             [ System properties ]                              
                                                                --------------------------------------------------------------------------------
                                                                awt.toolkit = sun.awt.X11.XToolkit
                                                                jdk.tls.rejectClientInitiatedRenegotiation = true
                                                                sun.cpu.isalist = 
                                                                sun.jnu.encoding = UTF-8
                                                                sun.arch.data.model = 64
                                                                user.timezone = Etc/UTC
                                                                sun.java.launcher = SUN_STANDARD
                                                                sun.boot.library.path = /usr/local/openjdk-11/lib
                                                                sun.java.command = org.neo4j.server.CommunityEntryPoint --home-dir=/var/lib/neo4j --config-dir=/var/lib/neo4j/conf
                                                                jdk.debug = release
                                                                sun.cpu.endian = little
                                                                io.netty.tryReflectionSetAccessible = true
                                                                user.home = /var/lib/neo4j
                                                                user.language = en
                                                                file.separator = /
                                                                jdk.tls.ephemeralDHKeySize = 2048
                                                                sun.management.compiler = HotSpot 64-Bit Tiered Compilers
                                                                user.name = neo4j
                                                                path.separator = :
                                                                jdk.nio.maxCachedBufferSize = 262144
                                                                file.encoding = UTF-8
                                                                jnidispatch.path = /var/lib/neo4j/.cache/JNA/temp/jna13535075835284734707.tmp
                                                                jna.loaded = true
                                                                user.dir = /var/lib/neo4j
                                                                sun.os.patch.level = unknown
                                                                sun.io.unicode.encoding = UnicodeLittle
                                                                log4j2.disable.jmx = true
                                                                
                                                                --------------------------------------------------------------------------------
                                                                                      [ (IANA) TimeZone database version ]                      
                                                                --------------------------------------------------------------------------------
                                                                  TimeZone version: 2022a (available for 601 zone identifiers)
                                                                
                                                                --------------------------------------------------------------------------------
                                                                                            [ Network information ]                             
                                                                --------------------------------------------------------------------------------
                                                                Interface eth0:
                                                                    address: 172.30.0.4
                                                                Interface lo:
                                                                    address: 127.0.0.1
                                                                
                                                                --------------------------------------------------------------------------------
                                                                                         [ Native access information ]                          
                                                                --------------------------------------------------------------------------------
                                                                Native access details: Linux native access is available.
                                                                
                                                                --------------------------------------------------------------------------------
                                                                                                [ DBMS config ]                                 
                                                                --------------------------------------------------------------------------------
                                                                DBMS provided settings:
                                                                dbms.connector.bolt.enabled=true
                                                                dbms.connector.bolt.listen_address=0.0.0.0:7687
                                                                dbms.connector.http.enabled=true
                                                                dbms.connector.https.enabled=false
                                                                dbms.default_listen_address=0.0.0.0
                                                                dbms.directories.import=/var/lib/neo4j/import
                                                                dbms.directories.logs=/logs
                                                                dbms.directories.neo4j_home=/var/lib/neo4j
                                                                dbms.jvm.additional=-XX:+UseG1GC
-XX:-OmitStackTraceInFastThrow
-XX:+AlwaysPreTouch
-XX:+UnlockExperimentalVMOptions
-XX:+TrustFinalNonStaticFields
-XX:+DisableExplicitGC
-XX:MaxInlineLevel=15
-XX:-UseBiasedLocking
-Djdk.nio.maxCachedBufferSize=262144
-Dio.netty.tryReflectionSetAccessible=true
-Djdk.tls.ephemeralDHKeySize=2048
-Djdk.tls.rejectClientInitiatedRenegotiation=true
-XX:FlightRecorderOptions=stackdepth=256
-XX:+UnlockDiagnosticVMOptions
-XX:+DebugNonSafepoints
-Dlog4j2.disable.jmx=true
                                                                dbms.memory.pagecache.size=512M
                                                                dbms.security.auth_enabled=false
                                                                dbms.tx_log.rotation.retention_policy=1 days
                                                                dbms.tx_state.memory_allocation=ON_HEAP
                                                                dbms.windows_service_name=neo4j
                                                                
2023-12-03 21:55:51.042+0000 INFO  [o.n.g.f.EditionLocksFactories] Locking implementation 'forseti' selected.
2023-12-03 21:55:53.811+0000 INFO  [o.n.s.CommunityNeoWebServer] ======== Neo4j 4.3.2 ========
2023-12-03 21:55:53.839+0000 INFO  [o.n.d.d.DefaultDatabaseManager] Creating 'DatabaseId{00000000[system]}'.
2023-12-03 21:55:53.990+0000 INFO  [o.n.b.BoltServer] Bolt server loaded
2023-12-03 21:55:54.079+0000 INFO  [o.n.d.d.DefaultDatabaseManager] Starting 'DatabaseId{00000000[system]}'.
2023-12-03 21:55:54.269+0000 INFO  [o.n.k.i.s.f.RecordFormatSelector] [system/00000000] Selected format 'RecordFormat:PageAlignedV4_3[AF4.3.0]' for the new store /data/databases/system
2023-12-03 21:55:56.620+0000 INFO  [o.n.i.d.DiagnosticsManager] [system/00000000] 
                                                                [system/00000000] ********************************************************************************
                                                                [system/00000000]                               [ Database: system ]                              
                                                                [system/00000000] ********************************************************************************
                                                                [system/00000000] --------------------------------------------------------------------------------
                                                                [system/00000000]                                   [ Version ]                                   
                                                                [system/00000000] --------------------------------------------------------------------------------
                                                                [system/00000000] DBMS: community single StoreId{creationTime=1701640556046, randomId=4838433585751077578, storeVersion=3471768636287762695, upgradeTime=1701640556046, upgradeTxId=1}
                                                                [system/00000000] Kernel version: 4.3.2
                                                                [system/00000000] 
                                                                [system/00000000] --------------------------------------------------------------------------------
                                                                [system/00000000]                                 [ Store files ]                                 
                                                                [system/00000000] --------------------------------------------------------------------------------
                                                                [system/00000000] Disk space on partition (Total / Free / Free %): 1081101176832 / 1045801545728 / 96
                                                                [system/00000000] Storage files stored on file store: ext4
                                                                [system/00000000] Storage files: (filename : modification date - size)
                                                                [system/00000000]   neostore: 2023-12-03T21:55:56Z - 8.000KiB
                                                                [system/00000000]   neostore.counts.db: 2023-12-03T21:55:56Z - 40.00KiB
                                                                [system/00000000]   neostore.labeltokenstore.db: 2023-12-03T21:55:55Z - 0B
                                                                [system/00000000]   neostore.labeltokenstore.db.id: 2023-12-03T21:55:55Z - 40.00KiB
                                                                [system/00000000]   neostore.labeltokenstore.db.names: 2023-12-03T21:55:55Z - 8.000KiB
                                                                [system/00000000]   neostore.labeltokenstore.db.names.id: 2023-12-03T21:55:55Z - 40.00KiB
                                                                [system/00000000]   neostore.nodestore.db: 2023-12-03T21:55:55Z - 0B
                                                                [system/00000000]   neostore.nodestore.db.id: 2023-12-03T21:55:55Z - 40.00KiB
                                                                [system/00000000]   neostore.nodestore.db.labels: 2023-12-03T21:55:55Z - 8.000KiB
                                                                [system/00000000]   neostore.nodestore.db.labels.id: 2023-12-03T21:55:55Z - 40.00KiB
                                                                [system/00000000]   neostore.propertystore.db: 2023-12-03T21:55:55Z - 0B
                                                                [system/00000000]   neostore.propertystore.db.arrays: 2023-12-03T21:55:55Z - 8.000KiB
                                                                [system/00000000]   neostore.propertystore.db.arrays.id: 2023-12-03T21:55:55Z - 40.00KiB
                                                                [system/00000000]   neostore.propertystore.db.id: 2023-12-03T21:55:55Z - 40.00KiB
                                                                [system/00000000]   neostore.propertystore.db.index: 2023-12-03T21:55:55Z - 0B
                                                                [system/00000000]   neostore.propertystore.db.index.id: 2023-12-03T21:55:55Z - 40.00KiB
                                                                [system/00000000]   neostore.propertystore.db.index.keys: 2023-12-03T21:55:55Z - 8.000KiB
                                                                [system/00000000]   neostore.propertystore.db.index.keys.id: 2023-12-03T21:55:55Z - 40.00KiB
                                                                [system/00000000]   neostore.propertystore.db.strings: 2023-12-03T21:55:55Z - 8.000KiB
                                                                [system/00000000]   neostore.propertystore.db.strings.id: 2023-12-03T21:55:55Z - 40.00KiB
                                                                [system/00000000]   neostore.relationshipgroupstore.db: 2023-12-03T21:55:56Z - 8.000KiB
                                                                [system/00000000]   neostore.relationshipgroupstore.db.id: 2023-12-03T21:55:56Z - 40.00KiB
                                                                [system/00000000]   neostore.relationshipgroupstore.degrees.db: 2023-12-03T21:55:56Z - 40.00KiB
                                                                [system/00000000]   neostore.relationshipstore.db: 2023-12-03T21:55:55Z - 0B
                                                                [system/00000000]   neostore.relationshipstore.db.id: 2023-12-03T21:55:55Z - 40.00KiB
                                                                [system/00000000]   neostore.relationshiptypestore.db: 2023-12-03T21:55:55Z - 0B
                                                                [system/00000000]   neostore.relationshiptypestore.db.id: 2023-12-03T21:55:55Z - 40.00KiB
                                                                [system/00000000]   neostore.relationshiptypestore.db.names: 2023-12-03T21:55:55Z - 8.000KiB
                                                                [system/00000000]   neostore.relationshiptypestore.db.names.id: 2023-12-03T21:55:55Z - 40.00KiB
                                                                [system/00000000]   neostore.schemastore.db: 2023-12-03T21:55:55Z - 8.000KiB
                                                                [system/00000000]   neostore.schemastore.db.id: 2023-12-03T21:55:55Z - 40.00KiB
                                                                [system/00000000] Storage summary: 
                                                                [system/00000000]   Total size of store: 712.0KiB
                                                                [system/00000000]   Total size of mapped files: 72.00KiB
                                                                [system/00000000] 
                                                                [system/00000000] --------------------------------------------------------------------------------
                                                                [system/00000000]                               [ Transaction log ]                               
                                                                [system/00000000] --------------------------------------------------------------------------------
                                                                [system/00000000] Transaction log files stored on file store: ext4
                                                                [system/00000000] No transactions found in any log
                                                                [system/00000000] 
                                                                [system/00000000] --------------------------------------------------------------------------------
                                                                [system/00000000]                                   [ Id usage ]                                  
                                                                [system/00000000] --------------------------------------------------------------------------------
                                                                [system/00000000] ArrayPropertyStore[neostore.nodestore.db.labels]: used=1 high=0
                                                                [system/00000000] NodeStore[neostore.nodestore.db]: used=0 high=-1
                                                                [system/00000000] StringPropertyStore[neostore.propertystore.db.index.keys]: used=1 high=0
                                                                [system/00000000] PropertyIndexStore[neostore.propertystore.db.index]: used=0 high=-1
                                                                [system/00000000] StringPropertyStore[neostore.propertystore.db.strings]: used=1 high=0
                                                                [system/00000000] ArrayPropertyStore[neostore.propertystore.db.arrays]: used=1 high=0
                                                                [system/00000000] PropertyStore[neostore.propertystore.db]: used=0 high=-1
                                                                [system/00000000] RelationshipStore[neostore.relationshipstore.db]: used=0 high=-1
                                                                [system/00000000] StringPropertyStore[neostore.relationshiptypestore.db.names]: used=1 high=0
                                                                [system/00000000] RelationshipTypeStore[neostore.relationshiptypestore.db]: used=0 high=-1
                                                                [system/00000000] StringPropertyStore[neostore.labeltokenstore.db.names]: used=1 high=0
                                                                [system/00000000] LabelTokenStore[neostore.labeltokenstore.db]: used=0 high=-1
                                                                [system/00000000] SchemaStore[neostore.schemastore.db]: used=1 high=0
                                                                [system/00000000] RelationshipGroupStore[neostore.relationshipgroupstore.db]: used=1 high=0
                                                                [system/00000000] NeoStore[neostore]: used=-1 high=-1
                                                                [system/00000000] 
                                                                [system/00000000] --------------------------------------------------------------------------------
                                                                [system/00000000]                               [ Neostore records ]                              
                                                                [system/00000000] --------------------------------------------------------------------------------
                                                                [system/00000000] TIME (Creation time): 1701640556046
                                                                [system/00000000] RANDOM_NUMBER (Random number for store id): 4838433585751077578
                                                                [system/00000000] LOG_VERSION (Current log version): 0
                                                                [system/00000000] LAST_TRANSACTION_ID (Last committed transaction): 1
                                                                [system/00000000] STORE_VERSION (Store format version): 3471768636287762695
                                                                [system/00000000] FIRST_GRAPH_PROPERTY (First property record containing graph properties): -1
                                                                [system/00000000] LAST_CONSTRAINT_TRANSACTION (Last committed transaction containing constraint changes): 0
                                                                [system/00000000] UPGRADE_TRANSACTION_ID (Transaction id most recent upgrade was performed at): 1
                                                                [system/00000000] UPGRADE_TIME (Time of last upgrade): 1701640556046
                                                                [system/00000000] LAST_TRANSACTION_CHECKSUM (Checksum of last committed transaction): -559063315
                                                                [system/00000000] UPGRADE_TRANSACTION_CHECKSUM (Checksum of transaction id the most recent upgrade was performed at): -559063315
                                                                [system/00000000] LAST_CLOSED_TRANSACTION_LOG_VERSION (Log version where the last transaction commit entry has been written into): 0
                                                                [system/00000000] LAST_CLOSED_TRANSACTION_LOG_BYTE_OFFSET (Byte offset in the log file where the last transaction commit entry has been written into): 64
                                                                [system/00000000] LAST_TRANSACTION_COMMIT_TIMESTAMP (Commit time timestamp for last committed transaction): 0
                                                                [system/00000000] UPGRADE_TRANSACTION_COMMIT_TIMESTAMP (Commit timestamp of transaction the most recent upgrade was performed at): 0
                                                                [system/00000000] LAST_MISSING_STORE_FILES_RECOVERY_TIMESTAMP (Timestamp of last attempt to perform a recovery on the store with missing files.): -1
                                                                [system/00000000] EXTERNAL_STORE_UUID_MOST_SIGN_BITS (Database identifier exposed as external store identity. Generated on creation and never updated. Most significant bits.): -3357634181111330634
                                                                [system/00000000] EXTERNAL_STORE_UUID_LEAST_SIGN_BITS (Database identifier exposed as external store identity. Generated on creation and never updated. Least significant bits): -8218428345628302375
                                                                [system/00000000] CHECKPOINT_LOG_VERSION (Current checkpoint log version): 0
                                                                [system/00000000] KERNEL_VERSION (The kernel version (also transaction log version) that is currently being used when writing new transactions): 3
                                                                [system/00000000] DATABASE_ID_MOST_SIGN_BITS (The last used DatabaseId for this database. Most significant bits): -9223372036854775808
                                                                [system/00000000] DATABASE_ID_LEAST_SIGN_BITS (The last used DatabaseId for this database. Least significant bits): -9223372036854775808
                                                                [system/00000000] 
                                                                [system/00000000] --------------------------------------------------------------------------------
                                                                [system/00000000]                                [ Store versions ]                               
                                                                [system/00000000] --------------------------------------------------------------------------------
                                                                [system/00000000] ArrayPropertyStore[neostore.nodestore.db.labels] AF4.3.0
                                                                [system/00000000] NodeStore[neostore.nodestore.db] AF4.3.0
                                                                [system/00000000] StringPropertyStore[neostore.propertystore.db.index.keys] AF4.3.0
                                                                [system/00000000] PropertyIndexStore[neostore.propertystore.db.index] AF4.3.0
                                                                [system/00000000] StringPropertyStore[neostore.propertystore.db.strings] AF4.3.0
                                                                [system/00000000] ArrayPropertyStore[neostore.propertystore.db.arrays] AF4.3.0
                                                                [system/00000000] PropertyStore[neostore.propertystore.db] AF4.3.0
                                                                [system/00000000] RelationshipStore[neostore.relationshipstore.db] AF4.3.0
                                                                [system/00000000] StringPropertyStore[neostore.relationshiptypestore.db.names] AF4.3.0
                                                                [system/00000000] RelationshipTypeStore[neostore.relationshiptypestore.db] AF4.3.0
                                                                [system/00000000] StringPropertyStore[neostore.labeltokenstore.db.names] AF4.3.0
                                                                [system/00000000] LabelTokenStore[neostore.labeltokenstore.db] AF4.3.0
                                                                [system/00000000] SchemaStore[neostore.schemastore.db] AF4.3.0
                                                                [system/00000000] RelationshipGroupStore[neostore.relationshipgroupstore.db] AF4.3.0
                                                                [system/00000000] NeoStore[neostore] AF4.3.0
                                                                [system/00000000] 
2023-12-03 21:55:56.720+0000 INFO  [o.n.k.a.DatabaseAvailabilityGuard] [system/00000000] Requirement `Database unavailable` makes database system unavailable.
2023-12-03 21:55:56.725+0000 INFO  [o.n.k.a.DatabaseAvailabilityGuard] [system/00000000] DatabaseId{00000000[system]} is unavailable.
2023-12-03 21:55:57.128+0000 WARN  [o.n.k.i.s.MetaDataStore] [system/00000000] Missing counts store, rebuilding it.
2023-12-03 21:55:57.138+0000 WARN  [o.n.k.i.s.MetaDataStore] [system/00000000] Counts store rebuild completed.
2023-12-03 21:55:57.330+0000 INFO  [o.n.k.a.DatabaseAvailabilityGuard] [system/00000000] Fulfilling of requirement 'Database unavailable' makes database system available.
2023-12-03 21:55:57.333+0000 INFO  [o.n.k.a.DatabaseAvailabilityGuard] [system/00000000] DatabaseId{00000000[system]} is ready.
2023-12-03 21:55:57.337+0000 INFO  [o.n.m.DatabaseHealth] [system/00000000] Database health set to OK
2023-12-03 21:55:58.299+0000 INFO  [o.n.k.i.a.i.IndexPopulationJob] [system/00000000] Index population started: [Index( id=1, name='index_343aff4e', type='TOKEN LOOKUP', schema=(:<any-labels>), indexProvider='token-lookup-1.0' )]
2023-12-03 21:55:58.476+0000 INFO  [o.n.k.i.a.i.IndexPopulationJob] [system/00000000] Completed node store scan. Flushing all pending updates.
MultipleIndexPopulator{activeTasks=0, batchedUpdatesFromScan = [org.neo4j.kernel.impl.api.index.MultipleIndexPopulator$IndexPopulation@1df9f7c6], concurrentUpdateQueue = 0}
2023-12-03 21:55:58.528+0000 INFO  [o.n.k.i.a.i.IndexPopulationJob] [system/00000000] Index creation finished for index [Index( id=1, name='index_343aff4e', type='TOKEN LOOKUP', schema=(:<any-labels>), indexProvider='token-lookup-1.0' )].
2023-12-03 21:55:58.551+0000 INFO  [o.n.k.i.a.i.IndexPopulationJob] [system/00000000] TIME/PHASE Final: SCAN[totalTime=0ns], FLIP[totalTime=63ms]
2023-12-03 21:55:58.561+0000 INFO  [o.n.k.i.a.i.IndexPopulationJob] [system/00000000] Index population started: [Index( id=2, name='index_f7700477', type='TOKEN LOOKUP', schema=-[:<any-types>]-, indexProvider='token-lookup-1.0' )]
2023-12-03 21:55:58.712+0000 INFO  [o.n.k.i.a.i.IndexPopulationJob] [system/00000000] Completed relationship store scan. Flushing all pending updates.
MultipleIndexPopulator{activeTasks=0, batchedUpdatesFromScan = [org.neo4j.kernel.impl.api.index.MultipleIndexPopulator$IndexPopulation@7337bd2e], concurrentUpdateQueue = 0}
2023-12-03 21:55:58.739+0000 INFO  [o.n.k.i.a.i.IndexPopulationJob] [system/00000000] Index creation finished for index [Index( id=2, name='index_f7700477', type='TOKEN LOOKUP', schema=-[:<any-types>]-, indexProvider='token-lookup-1.0' )].
2023-12-03 21:55:58.752+0000 INFO  [o.n.k.i.a.i.IndexPopulationJob] [system/00000000] TIME/PHASE Final: SCAN[totalTime=0ns], FLIP[totalTime=39ms]
2023-12-03 21:55:58.980+0000 INFO  [o.n.k.i.a.s.ConstraintIndexCreator] [system/00000000] Starting constraint creation: Constraint( name='constraint_6ad50e5f', type='UNIQUENESS', schema=(:Database {name}) ).
2023-12-03 21:55:59.144+0000 INFO  [o.n.k.i.a.i.IndexPopulationJob] [system/00000000] Index population started: [Index( id=3, name='constraint_6ad50e5f', type='UNIQUE BTREE', schema=(:Database {name}), indexProvider='native-btree-1.0' )]
2023-12-03 21:55:59.256+0000 INFO  [o.n.k.i.a.i.IndexPopulationJob] [system/00000000] Completed node store scan. Flushing all pending updates.
MultipleIndexPopulator{activeTasks=0, batchedUpdatesFromScan = [org.neo4j.kernel.impl.api.index.MultipleIndexPopulator$IndexPopulation@5c930fc3], concurrentUpdateQueue = 0}
2023-12-03 21:55:59.366+0000 INFO  [o.n.k.i.a.i.IndexPopulationJob] [system/00000000] Index creation finished for index [Index( id=3, name='constraint_6ad50e5f', type='UNIQUE BTREE', schema=(:Database {name}), indexProvider='native-btree-1.0' )].
2023-12-03 21:55:59.384+0000 INFO  [o.n.k.i.a.i.IndexPopulationJob] [system/00000000] TIME/PHASE Final: SCAN[totalTime=0ns], MERGE[totalTime=0ns], BUILD[totalTime=5ms], APPLY_EXTERNAL[totalTime=58ms], FLIP[totalTime=63ms]
2023-12-03 21:55:59.387+0000 INFO  [o.n.k.i.a.s.ConstraintIndexCreator] [system/00000000] Constraint Constraint( name='constraint_6ad50e5f', type='UNIQUENESS', schema=(:Database {name}) ) populated, starting verification.
2023-12-03 21:55:59.392+0000 INFO  [o.n.k.i.a.s.ConstraintIndexCreator] [system/00000000] Constraint Constraint( name='constraint_6ad50e5f', type='UNIQUENESS', schema=(:Database {name}) ) verified.
2023-12-03 21:55:59.437+0000 INFO  [o.n.k.i.a.i.IndexingService] [system/00000000] Constraint Index( id=3, name='constraint_6ad50e5f', type='UNIQUE BTREE', schema=(:Label[0] {PropertyKey[10]}), indexProvider='native-btree-1.0' ) is ONLINE.
2023-12-03 21:55:59.899+0000 INFO  [o.n.k.i.a.s.ConstraintIndexCreator] [system/00000000] Starting constraint creation: Constraint( name='constraint_952bbd70', type='UNIQUENESS', schema=(:User {name}) ).
2023-12-03 21:55:59.928+0000 INFO  [o.n.k.i.a.i.IndexPopulationJob] [system/00000000] Index population started: [Index( id=5, name='constraint_952bbd70', type='UNIQUE BTREE', schema=(:User {name}), indexProvider='native-btree-1.0' )]
2023-12-03 21:55:59.982+0000 INFO  [o.n.k.i.a.i.IndexPopulationJob] [system/00000000] Completed node store scan. Flushing all pending updates.
MultipleIndexPopulator{activeTasks=0, batchedUpdatesFromScan = [org.neo4j.kernel.impl.api.index.MultipleIndexPopulator$IndexPopulation@6d620837], concurrentUpdateQueue = 0}
2023-12-03 21:56:00.007+0000 INFO  [o.n.k.i.a.i.IndexPopulationJob] [system/00000000] Index creation finished for index [Index( id=5, name='constraint_952bbd70', type='UNIQUE BTREE', schema=(:User {name}), indexProvider='native-btree-1.0' )].
2023-12-03 21:56:00.043+0000 INFO  [o.n.k.i.a.i.IndexPopulationJob] [system/00000000] TIME/PHASE Final: SCAN[totalTime=0ns], MERGE[totalTime=0ns], BUILD[totalTime=0ns], APPLY_EXTERNAL[totalTime=6ms], FLIP[totalTime=53ms]
2023-12-03 21:56:00.046+0000 INFO  [o.n.k.i.a.s.ConstraintIndexCreator] [system/00000000] Constraint Constraint( name='constraint_952bbd70', type='UNIQUENESS', schema=(:User {name}) ) populated, starting verification.
2023-12-03 21:56:00.049+0000 INFO  [o.n.k.i.a.s.ConstraintIndexCreator] [system/00000000] Constraint Constraint( name='constraint_952bbd70', type='UNIQUENESS', schema=(:User {name}) ) verified.
2023-12-03 21:56:00.084+0000 INFO  [o.n.k.i.a.i.IndexingService] [system/00000000] Constraint Index( id=5, name='constraint_952bbd70', type='UNIQUE BTREE', schema=(:Label[2] {PropertyKey[10]}), indexProvider='native-btree-1.0' ) is ONLINE.
2023-12-03 21:56:00.091+0000 INFO  [o.n.s.s.s.UserSecurityGraphComponent] org.neo4j.internal.kernel.api.security.AbstractSecurityLog$SecurityLogLine@87fc0fc
2023-12-03 21:56:00.130+0000 INFO  [o.n.s.s.s.UserSecurityGraphComponent] org.neo4j.internal.kernel.api.security.AbstractSecurityLog$SecurityLogLine@59a3eaf7
2023-12-03 21:56:00.136+0000 INFO  [o.n.s.s.s.UserSecurityGraphComponent] org.neo4j.internal.kernel.api.security.AbstractSecurityLog$SecurityLogLine@718d6b7c
2023-12-03 21:56:00.171+0000 INFO  [o.n.s.s.s.UserSecurityGraphComponent] org.neo4j.internal.kernel.api.security.AbstractSecurityLog$SecurityLogLine@5016f1a
2023-12-03 21:56:00.184+0000 INFO  [o.n.s.s.s.UserSecurityGraphComponent] org.neo4j.internal.kernel.api.security.AbstractSecurityLog$SecurityLogLine@56dde9f7
2023-12-03 21:56:00.196+0000 INFO  [o.n.s.s.s.UserSecurityGraphComponent] org.neo4j.internal.kernel.api.security.AbstractSecurityLog$SecurityLogLine@455d04d2
2023-12-03 21:56:00.221+0000 INFO  [o.n.d.d.DefaultDatabaseManager] Creating 'DatabaseId{f761371f[neo4j]}'.
2023-12-03 21:56:00.230+0000 INFO  [o.n.d.d.DefaultDatabaseManager] Starting 'DatabaseId{f761371f[neo4j]}'.
2023-12-03 21:56:00.237+0000 INFO  [o.n.k.i.s.f.RecordFormatSelector] [neo4j/f761371f] Selected format 'RecordFormat:PageAlignedV4_3[AF4.3.0]' for the new store /data/databases/neo4j
2023-12-03 21:56:01.579+0000 INFO  [o.n.i.d.DiagnosticsManager] [neo4j/f761371f] 
                                                                [neo4j/f761371f] ********************************************************************************
                                                                [neo4j/f761371f]                               [ Database: neo4j ]                               
                                                                [neo4j/f761371f] ********************************************************************************
                                                                [neo4j/f761371f] --------------------------------------------------------------------------------
                                                                [neo4j/f761371f]                                   [ Version ]                                   
                                                                [neo4j/f761371f] --------------------------------------------------------------------------------
                                                                [neo4j/f761371f] DBMS: community single StoreId{creationTime=1701640561432, randomId=-4051467367248142218, storeVersion=3471768636287762695, upgradeTime=1701640561432, upgradeTxId=1}
                                                                [neo4j/f761371f] Kernel version: 4.3.2
                                                                [neo4j/f761371f] 
                                                                [neo4j/f761371f] --------------------------------------------------------------------------------
                                                                [neo4j/f761371f]                                 [ Store files ]                                 
                                                                [neo4j/f761371f] --------------------------------------------------------------------------------
                                                                [neo4j/f761371f] Disk space on partition (Total / Free / Free %): 1081101176832 / 1045538430976 / 96
                                                                [neo4j/f761371f] Storage files stored on file store: ext4
                                                                [neo4j/f761371f] Storage files: (filename : modification date - size)
                                                                [neo4j/f761371f]   neostore: 2023-12-03T21:56:01Z - 8.000KiB
                                                                [neo4j/f761371f]   neostore.counts.db: 2023-12-03T21:56:01Z - 40.00KiB
                                                                [neo4j/f761371f]   neostore.labeltokenstore.db: 2023-12-03T21:56:00Z - 0B
                                                                [neo4j/f761371f]   neostore.labeltokenstore.db.id: 2023-12-03T21:56:00Z - 40.00KiB
                                                                [neo4j/f761371f]   neostore.labeltokenstore.db.names: 2023-12-03T21:56:00Z - 8.000KiB
                                                                [neo4j/f761371f]   neostore.labeltokenstore.db.names.id: 2023-12-03T21:56:00Z - 40.00KiB
                                                                [neo4j/f761371f]   neostore.nodestore.db: 2023-12-03T21:56:00Z - 0B
                                                                [neo4j/f761371f]   neostore.nodestore.db.id: 2023-12-03T21:56:00Z - 40.00KiB
                                                                [neo4j/f761371f]   neostore.nodestore.db.labels: 2023-12-03T21:56:00Z - 8.000KiB
                                                                [neo4j/f761371f]   neostore.nodestore.db.labels.id: 2023-12-03T21:56:00Z - 40.00KiB
                                                                [neo4j/f761371f]   neostore.propertystore.db: 2023-12-03T21:56:00Z - 0B
                                                                [neo4j/f761371f]   neostore.propertystore.db.arrays: 2023-12-03T21:56:00Z - 8.000KiB
                                                                [neo4j/f761371f]   neostore.propertystore.db.arrays.id: 2023-12-03T21:56:00Z - 40.00KiB
                                                                [neo4j/f761371f]   neostore.propertystore.db.id: 2023-12-03T21:56:00Z - 40.00KiB
                                                                [neo4j/f761371f]   neostore.propertystore.db.index: 2023-12-03T21:56:00Z - 0B
                                                                [neo4j/f761371f]   neostore.propertystore.db.index.id: 2023-12-03T21:56:00Z - 40.00KiB
                                                                [neo4j/f761371f]   neostore.propertystore.db.index.keys: 2023-12-03T21:56:00Z - 8.000KiB
                                                                [neo4j/f761371f]   neostore.propertystore.db.index.keys.id: 2023-12-03T21:56:00Z - 40.00KiB
                                                                [neo4j/f761371f]   neostore.propertystore.db.strings: 2023-12-03T21:56:00Z - 8.000KiB
                                                                [neo4j/f761371f]   neostore.propertystore.db.strings.id: 2023-12-03T21:56:00Z - 40.00KiB
                                                                [neo4j/f761371f]   neostore.relationshipgroupstore.db: 2023-12-03T21:56:01Z - 8.000KiB
                                                                [neo4j/f761371f]   neostore.relationshipgroupstore.db.id: 2023-12-03T21:56:01Z - 40.00KiB
                                                                [neo4j/f761371f]   neostore.relationshipgroupstore.degrees.db: 2023-12-03T21:56:01Z - 40.00KiB
                                                                [neo4j/f761371f]   neostore.relationshipstore.db: 2023-12-03T21:56:00Z - 0B
                                                                [neo4j/f761371f]   neostore.relationshipstore.db.id: 2023-12-03T21:56:00Z - 40.00KiB
                                                                [neo4j/f761371f]   neostore.relationshiptypestore.db: 2023-12-03T21:56:00Z - 0B
                                                                [neo4j/f761371f]   neostore.relationshiptypestore.db.id: 2023-12-03T21:56:00Z - 40.00KiB
                                                                [neo4j/f761371f]   neostore.relationshiptypestore.db.names: 2023-12-03T21:56:00Z - 8.000KiB
                                                                [neo4j/f761371f]   neostore.relationshiptypestore.db.names.id: 2023-12-03T21:56:00Z - 40.00KiB
                                                                [neo4j/f761371f]   neostore.schemastore.db: 2023-12-03T21:56:01Z - 8.000KiB
                                                                [neo4j/f761371f]   neostore.schemastore.db.id: 2023-12-03T21:56:01Z - 40.00KiB
                                                                [neo4j/f761371f] Storage summary: 
                                                                [neo4j/f761371f]   Total size of store: 712.0KiB
                                                                [neo4j/f761371f]   Total size of mapped files: 72.00KiB
                                                                [neo4j/f761371f] 
                                                                [neo4j/f761371f] --------------------------------------------------------------------------------
                                                                [neo4j/f761371f]                               [ Transaction log ]                               
                                                                [neo4j/f761371f] --------------------------------------------------------------------------------
                                                                [neo4j/f761371f] Transaction log files stored on file store: ext4
                                                                [neo4j/f761371f] No transactions found in any log
                                                                [neo4j/f761371f] 
                                                                [neo4j/f761371f] --------------------------------------------------------------------------------
                                                                [neo4j/f761371f]                                   [ Id usage ]                                  
                                                                [neo4j/f761371f] --------------------------------------------------------------------------------
                                                                [neo4j/f761371f] ArrayPropertyStore[neostore.nodestore.db.labels]: used=1 high=0
                                                                [neo4j/f761371f] NodeStore[neostore.nodestore.db]: used=0 high=-1
                                                                [neo4j/f761371f] StringPropertyStore[neostore.propertystore.db.index.keys]: used=1 high=0
                                                                [neo4j/f761371f] PropertyIndexStore[neostore.propertystore.db.index]: used=0 high=-1
                                                                [neo4j/f761371f] StringPropertyStore[neostore.propertystore.db.strings]: used=1 high=0
                                                                [neo4j/f761371f] ArrayPropertyStore[neostore.propertystore.db.arrays]: used=1 high=0
                                                                [neo4j/f761371f] PropertyStore[neostore.propertystore.db]: used=0 high=-1
                                                                [neo4j/f761371f] RelationshipStore[neostore.relationshipstore.db]: used=0 high=-1
                                                                [neo4j/f761371f] StringPropertyStore[neostore.relationshiptypestore.db.names]: used=1 high=0
                                                                [neo4j/f761371f] RelationshipTypeStore[neostore.relationshiptypestore.db]: used=0 high=-1
                                                                [neo4j/f761371f] StringPropertyStore[neostore.labeltokenstore.db.names]: used=1 high=0
                                                                [neo4j/f761371f] LabelTokenStore[neostore.labeltokenstore.db]: used=0 high=-1
                                                                [neo4j/f761371f] SchemaStore[neostore.schemastore.db]: used=1 high=0
                                                                [neo4j/f761371f] RelationshipGroupStore[neostore.relationshipgroupstore.db]: used=1 high=0
                                                                [neo4j/f761371f] NeoStore[neostore]: used=-1 high=-1
                                                                [neo4j/f761371f] 
                                                                [neo4j/f761371f] --------------------------------------------------------------------------------
                                                                [neo4j/f761371f]                               [ Neostore records ]                              
                                                                [neo4j/f761371f] --------------------------------------------------------------------------------
                                                                [neo4j/f761371f] TIME (Creation time): 1701640561432
                                                                [neo4j/f761371f] RANDOM_NUMBER (Random number for store id): -4051467367248142218
                                                                [neo4j/f761371f] LOG_VERSION (Current log version): 0
                                                                [neo4j/f761371f] LAST_TRANSACTION_ID (Last committed transaction): 1
                                                                [neo4j/f761371f] STORE_VERSION (Store format version): 3471768636287762695
                                                                [neo4j/f761371f] FIRST_GRAPH_PROPERTY (First property record containing graph properties): -1
                                                                [neo4j/f761371f] LAST_CONSTRAINT_TRANSACTION (Last committed transaction containing constraint changes): 0
                                                                [neo4j/f761371f] UPGRADE_TRANSACTION_ID (Transaction id most recent upgrade was performed at): 1
                                                                [neo4j/f761371f] UPGRADE_TIME (Time of last upgrade): 1701640561432
                                                                [neo4j/f761371f] LAST_TRANSACTION_CHECKSUM (Checksum of last committed transaction): -559063315
                                                                [neo4j/f761371f] UPGRADE_TRANSACTION_CHECKSUM (Checksum of transaction id the most recent upgrade was performed at): -559063315
                                                                [neo4j/f761371f] LAST_CLOSED_TRANSACTION_LOG_VERSION (Log version where the last transaction commit entry has been written into): 0
                                                                [neo4j/f761371f] LAST_CLOSED_TRANSACTION_LOG_BYTE_OFFSET (Byte offset in the log file where the last transaction commit entry has been written into): 64
                                                                [neo4j/f761371f] LAST_TRANSACTION_COMMIT_TIMESTAMP (Commit time timestamp for last committed transaction): 0
                                                                [neo4j/f761371f] UPGRADE_TRANSACTION_COMMIT_TIMESTAMP (Commit timestamp of transaction the most recent upgrade was performed at): 0
                                                                [neo4j/f761371f] LAST_MISSING_STORE_FILES_RECOVERY_TIMESTAMP (Timestamp of last attempt to perform a recovery on the store with missing files.): -1
                                                                [neo4j/f761371f] EXTERNAL_STORE_UUID_MOST_SIGN_BITS (Database identifier exposed as external store identity. Generated on creation and never updated. Most significant bits.): 3694384844009393039
                                                                [neo4j/f761371f] EXTERNAL_STORE_UUID_LEAST_SIGN_BITS (Database identifier exposed as external store identity. Generated on creation and never updated. Least significant bits): -4984828439840058665
                                                                [neo4j/f761371f] CHECKPOINT_LOG_VERSION (Current checkpoint log version): 0
                                                                [neo4j/f761371f] KERNEL_VERSION (The kernel version (also transaction log version) that is currently being used when writing new transactions): 3
                                                                [neo4j/f761371f] DATABASE_ID_MOST_SIGN_BITS (The last used DatabaseId for this database. Most significant bits): -9223372036854775808
                                                                [neo4j/f761371f] DATABASE_ID_LEAST_SIGN_BITS (The last used DatabaseId for this database. Least significant bits): -9223372036854775808
                                                                [neo4j/f761371f] 
                                                                [neo4j/f761371f] --------------------------------------------------------------------------------
                                                                [neo4j/f761371f]                                [ Store versions ]                               
                                                                [neo4j/f761371f] --------------------------------------------------------------------------------
                                                                [neo4j/f761371f] ArrayPropertyStore[neostore.nodestore.db.labels] AF4.3.0
                                                                [neo4j/f761371f] NodeStore[neostore.nodestore.db] AF4.3.0
                                                                [neo4j/f761371f] StringPropertyStore[neostore.propertystore.db.index.keys] AF4.3.0
                                                                [neo4j/f761371f] PropertyIndexStore[neostore.propertystore.db.index] AF4.3.0
                                                                [neo4j/f761371f] StringPropertyStore[neostore.propertystore.db.strings] AF4.3.0
                                                                [neo4j/f761371f] ArrayPropertyStore[neostore.propertystore.db.arrays] AF4.3.0
                                                                [neo4j/f761371f] PropertyStore[neostore.propertystore.db] AF4.3.0
                                                                [neo4j/f761371f] RelationshipStore[neostore.relationshipstore.db] AF4.3.0
                                                                [neo4j/f761371f] StringPropertyStore[neostore.relationshiptypestore.db.names] AF4.3.0
                                                                [neo4j/f761371f] RelationshipTypeStore[neostore.relationshiptypestore.db] AF4.3.0
                                                                [neo4j/f761371f] StringPropertyStore[neostore.labeltokenstore.db.names] AF4.3.0
                                                                [neo4j/f761371f] LabelTokenStore[neostore.labeltokenstore.db] AF4.3.0
                                                                [neo4j/f761371f] SchemaStore[neostore.schemastore.db] AF4.3.0
                                                                [neo4j/f761371f] RelationshipGroupStore[neostore.relationshipgroupstore.db] AF4.3.0
                                                                [neo4j/f761371f] NeoStore[neostore] AF4.3.0
                                                                [neo4j/f761371f] 
2023-12-03 21:56:01.608+0000 INFO  [o.n.k.a.DatabaseAvailabilityGuard] [neo4j/f761371f] Requirement `Database unavailable` makes database neo4j unavailable.
2023-12-03 21:56:01.609+0000 INFO  [o.n.k.a.DatabaseAvailabilityGuard] [neo4j/f761371f] DatabaseId{f761371f[neo4j]} is unavailable.
2023-12-03 21:56:02.122+0000 WARN  [o.n.k.i.s.MetaDataStore] [neo4j/f761371f] Missing counts store, rebuilding it.
2023-12-03 21:56:02.123+0000 WARN  [o.n.k.i.s.MetaDataStore] [neo4j/f761371f] Counts store rebuild completed.
2023-12-03 21:56:02.132+0000 INFO  [o.n.k.a.DatabaseAvailabilityGuard] [neo4j/f761371f] Fulfilling of requirement 'Database unavailable' makes database neo4j available.
2023-12-03 21:56:02.134+0000 INFO  [o.n.k.a.DatabaseAvailabilityGuard] [neo4j/f761371f] DatabaseId{f761371f[neo4j]} is ready.
2023-12-03 21:56:02.135+0000 INFO  [o.n.m.DatabaseHealth] [neo4j/f761371f] Database health set to OK
2023-12-03 21:56:02.183+0000 INFO  [o.n.k.i.a.i.IndexPopulationJob] [neo4j/f761371f] Index population started: [Index( id=1, name='index_343aff4e', type='TOKEN LOOKUP', schema=(:<any-labels>), indexProvider='token-lookup-1.0' )]
2023-12-03 21:56:02.249+0000 INFO  [o.n.k.i.a.i.IndexPopulationJob] [neo4j/f761371f] Completed node store scan. Flushing all pending updates.
MultipleIndexPopulator{activeTasks=0, batchedUpdatesFromScan = [org.neo4j.kernel.impl.api.index.MultipleIndexPopulator$IndexPopulation@1826475], concurrentUpdateQueue = 0}
2023-12-03 21:56:02.263+0000 INFO  [o.n.k.i.a.i.IndexPopulationJob] [neo4j/f761371f] Index creation finished for index [Index( id=1, name='index_343aff4e', type='TOKEN LOOKUP', schema=(:<any-labels>), indexProvider='token-lookup-1.0' )].
2023-12-03 21:56:02.273+0000 INFO  [o.n.k.i.a.i.IndexPopulationJob] [neo4j/f761371f] TIME/PHASE Final: SCAN[totalTime=0ns], FLIP[totalTime=22ms]
2023-12-03 21:56:02.275+0000 INFO  [o.n.k.i.a.i.IndexPopulationJob] [neo4j/f761371f] Index population started: [Index( id=2, name='index_f7700477', type='TOKEN LOOKUP', schema=-[:<any-types>]-, indexProvider='token-lookup-1.0' )]
2023-12-03 21:56:02.334+0000 INFO  [o.n.k.i.a.i.IndexPopulationJob] [neo4j/f761371f] Completed relationship store scan. Flushing all pending updates.
MultipleIndexPopulator{activeTasks=0, batchedUpdatesFromScan = [org.neo4j.kernel.impl.api.index.MultipleIndexPopulator$IndexPopulation@8dbf0f2], concurrentUpdateQueue = 0}
2023-12-03 21:56:02.366+0000 INFO  [o.n.k.i.a.i.IndexPopulationJob] [neo4j/f761371f] Index creation finished for index [Index( id=2, name='index_f7700477', type='TOKEN LOOKUP', schema=-[:<any-types>]-, indexProvider='token-lookup-1.0' )].
2023-12-03 21:56:02.378+0000 INFO  [o.n.k.i.a.i.IndexPopulationJob] [neo4j/f761371f] TIME/PHASE Final: SCAN[totalTime=0ns], FLIP[totalTime=43ms]
2023-12-03 21:56:02.549+0000 INFO  [o.n.b.BoltServer] Bolt enabled on 0.0.0.0:7687.
2023-12-03 21:56:02.555+0000 INFO  [o.n.s.AbstractNeoWebServer$ServerComponentsLifecycleAdapter] Starting web server
2023-12-03 21:56:04.839+0000 INFO  [o.n.s.CommunityNeoWebServer] Remote interface available at http://localhost:7474/
2023-12-03 21:56:04.841+0000 INFO  [o.n.s.AbstractNeoWebServer$ServerComponentsLifecycleAdapter] Web server started.
